# JRE version: Java(TM) SE Runtime Environment (8.0_60-b27) (build 1.8.0_60-b27)
# Java VM: Java HotSpot(TM) 64-Bit Server VM (25.60-b23 mixed mode windows-amd64 compressed oops)
Heap:
 PSYoungGen      total 101888K, used 97997K [0x00000000e0000000, 0x00000000e7780000, 0x0000000100000000)
  eden space 90112K, 99% used [0x00000000e0000000,0x00000000e57dfee0,0x00000000e5800000)
  from space 11776K, 68% used [0x00000000e6380000,0x00000000e6b53768,0x00000000e6f00000)
  to   space 11776K, 0% used [0x00000000e5800000,0x00000000e5800000,0x00000000e6380000)
 ParOldGen       total 72192K, used 17539K [0x00000000a0000000, 0x00000000a4680000, 0x00000000e0000000)
  object space 72192K, 24% used [0x00000000a0000000,0x00000000a1120f50,0x00000000a4680000)
 Metaspace       used 45465K, capacity 46688K, committed 46808K, reserved 1089536K
  class space    used 6284K, capacity 6604K, committed 6656K, reserved 1048576K
GC Heap History (10 events):
Event: 8.014 GC heap before
{Heap before GC invocations=6 (full 1):
 PSYoungGen      total 67072K, used 61952K [0x00000000e0000000, 0x00000000e4b00000, 0x0000000100000000)
  eden space 61952K, 100% used [0x00000000e0000000,0x00000000e3c80000,0x00000000e3c80000)
  from space 5120K, 0% used [0x00000000e4180000,0x00000000e4180000,0x00000000e4680000)
  to   space 5120K, 0% used [0x00000000e3c80000,0x00000000e3c80000,0x00000000e4180000)
 ParOldGen       total 72192K, used 9236K [0x00000000a0000000, 0x00000000a4680000, 0x00000000e0000000)
  object space 72192K, 12% used [0x00000000a0000000,0x00000000a0905228,0x00000000a4680000)
 Metaspace       used 26170K, capacity 26720K, committed 27008K, reserved 1073152K
  class space    used 3686K, capacity 3869K, committed 3968K, reserved 1048576K
Event: 8.023 GC heap after
Heap after GC invocations=6 (full 1):
 PSYoungGen      total 67072K, used 5118K [0x00000000e0000000, 0x00000000e6080000, 0x0000000100000000)
  eden space 61952K, 0% used [0x00000000e0000000,0x00000000e0000000,0x00000000e3c80000)
  from space 5120K, 99% used [0x00000000e3c80000,0x00000000e417f840,0x00000000e4180000)
  to   space 10752K, 0% used [0x00000000e5600000,0x00000000e5600000,0x00000000e6080000)
 ParOldGen       total 72192K, used 11579K [0x00000000a0000000, 0x00000000a4680000, 0x00000000e0000000)
  object space 72192K, 16% used [0x00000000a0000000,0x00000000a0b4ed30,0x00000000a4680000)
 Metaspace       used 26170K, capacity 26720K, committed 27008K, reserved 1073152K
  class space    used 3686K, capacity 3869K, committed 3968K, reserved 1048576K
}
Event: 10.816 GC heap before
{Heap before GC invocations=7 (full 1):
 PSYoungGen      total 67072K, used 67070K [0x00000000e0000000, 0x00000000e6080000, 0x0000000100000000)
  eden space 61952K, 100% used [0x00000000e0000000,0x00000000e3c80000,0x00000000e3c80000)
  from space 5120K, 99% used [0x00000000e3c80000,0x00000000e417f840,0x00000000e4180000)
  to   space 10752K, 0% used [0x00000000e5600000,0x00000000e5600000,0x00000000e6080000)
 ParOldGen       total 72192K, used 11579K [0x00000000a0000000, 0x00000000a4680000, 0x00000000e0000000)
  object space 72192K, 16% used [0x00000000a0000000,0x00000000a0b4ed30,0x00000000a4680000)
 Metaspace       used 29664K, capacity 30290K, committed 30464K, reserved 1075200K
  class space    used 4144K, capacity 4305K, committed 4352K, reserved 1048576K
Event: 10.832 GC heap after
Heap after GC invocations=7 (full 1):
 PSYoungGen      total 83968K, used 7160K [0x00000000e0000000, 0x00000000e5e00000, 0x0000000100000000)
  eden space 75776K, 0% used [0x00000000e0000000,0x00000000e0000000,0x00000000e4a00000)
  from space 8192K, 87% used [0x00000000e5600000,0x00000000e5cfe028,0x00000000e5e00000)
  to   space 10240K, 0% used [0x00000000e4a00000,0x00000000e4a00000,0x00000000e5400000)
 ParOldGen       total 72192K, used 11587K [0x00000000a0000000, 0x00000000a4680000, 0x00000000e0000000)
  object space 72192K, 16% used [0x00000000a0000000,0x00000000a0b50d30,0x00000000a4680000)
 Metaspace       used 29664K, capacity 30290K, committed 30464K, reserved 1075200K
  class space    used 4144K, capacity 4305K, committed 4352K, reserved 1048576K
}
Event: 17.257 GC heap before
{Heap before GC invocations=8 (full 1):
 PSYoungGen      total 83968K, used 64362K [0x00000000e0000000, 0x00000000e5e00000, 0x0000000100000000)
  eden space 75776K, 75% used [0x00000000e0000000,0x00000000e37dc990,0x00000000e4a00000)
  from space 8192K, 87% used [0x00000000e5600000,0x00000000e5cfe028,0x00000000e5e00000)
  to   space 10240K, 0% used [0x00000000e4a00000,0x00000000e4a00000,0x00000000e5400000)
 ParOldGen       total 72192K, used 11587K [0x00000000a0000000, 0x00000000a4680000, 0x00000000e0000000)
  object space 72192K, 16% used [0x00000000a0000000,0x00000000a0b50d30,0x00000000a4680000)
 Metaspace       used 34650K, capacity 35330K, committed 35416K, reserved 1079296K
  class space    used 4774K, capacity 4946K, committed 4992K, reserved 1048576K
Event: 17.269 GC heap after
Heap after GC invocations=8 (full 1):
 PSYoungGen      total 86016K, used 10234K [0x00000000e0000000, 0x00000000e6f00000, 0x0000000100000000)
  eden space 75776K, 0% used [0x00000000e0000000,0x00000000e0000000,0x00000000e4a00000)
  from space 10240K, 99% used [0x00000000e4a00000,0x00000000e53fe840,0x00000000e5400000)
  to   space 11776K, 0% used [0x00000000e6380000,0x00000000e6380000,0x00000000e6f00000)
 ParOldGen       total 72192K, used 12741K [0x00000000a0000000, 0x00000000a4680000, 0x00000000e0000000)
  object space 72192K, 17% used [0x00000000a0000000,0x00000000a0c71590,0x00000000a4680000)
 Metaspace       used 34650K, capacity 35330K, committed 35416K, reserved 1079296K
  class space    used 4774K, capacity 4946K, committed 4992K, reserved 1048576K
}
Event: 17.269 GC heap before
{Heap before GC invocations=9 (full 2):
 PSYoungGen      total 86016K, used 10234K [0x00000000e0000000, 0x00000000e6f00000, 0x0000000100000000)
  eden space 75776K, 0% used [0x00000000e0000000,0x00000000e0000000,0x00000000e4a00000)
  from space 10240K, 99% used [0x00000000e4a00000,0x00000000e53fe840,0x00000000e5400000)
  to   space 11776K, 0% used [0x00000000e6380000,0x00000000e6380000,0x00000000e6f00000)
 ParOldGen       total 72192K, used 12741K [0x00000000a0000000, 0x00000000a4680000, 0x00000000e0000000)
  object space 72192K, 17% used [0x00000000a0000000,0x00000000a0c71590,0x00000000a4680000)
 Metaspace       used 34650K, capacity 35330K, committed 35416K, reserved 1079296K
  class space    used 4774K, capacity 4946K, committed 4992K, reserved 1048576K
Event: 17.363 GC heap after
Heap after GC invocations=9 (full 2):
 PSYoungGen      total 86016K, used 0K [0x00000000e0000000, 0x00000000e6f00000, 0x0000000100000000)
  eden space 75776K, 0% used [0x00000000e0000000,0x00000000e0000000,0x00000000e4a00000)
  from space 10240K, 0% used [0x00000000e4a00000,0x00000000e4a00000,0x00000000e5400000)
  to   space 11776K, 0% used [0x00000000e6380000,0x00000000e6380000,0x00000000e6f00000)
 ParOldGen       total 72192K, used 17531K [0x00000000a0000000, 0x00000000a4680000, 0x00000000e0000000)
  object space 72192K, 24% used [0x00000000a0000000,0x00000000a111ef50,0x00000000a4680000)
 Metaspace       used 34650K, capacity 35330K, committed 35416K, reserved 1079296K
  class space    used 4774K, capacity 4946K, committed 4992K, reserved 1048576K
}
Event: 18.382 GC heap before
{Heap before GC invocations=10 (full 2):
 PSYoungGen      total 86016K, used 75776K [0x00000000e0000000, 0x00000000e6f00000, 0x0000000100000000)
  eden space 75776K, 100% used [0x00000000e0000000,0x00000000e4a00000,0x00000000e4a00000)
  from space 10240K, 0% used [0x00000000e4a00000,0x00000000e4a00000,0x00000000e5400000)
  to   space 11776K, 0% used [0x00000000e6380000,0x00000000e6380000,0x00000000e6f00000)
 ParOldGen       total 72192K, used 17531K [0x00000000a0000000, 0x00000000a4680000, 0x00000000e0000000)
  object space 72192K, 24% used [0x00000000a0000000,0x00000000a111ef50,0x00000000a4680000)
 Metaspace       used 37897K, capacity 38638K, committed 39000K, reserved 1083392K
  class space    used 5200K, capacity 5395K, committed 5504K, reserved 1048576K
Event: 18.398 GC heap after
Heap after GC invocations=10 (full 2):
 PSYoungGen      total 101888K, used 8013K [0x00000000e0000000, 0x00000000e7780000, 0x0000000100000000)
  eden space 90112K, 0% used [0x00000000e0000000,0x00000000e0000000,0x00000000e5800000)
  from space 11776K, 68% used [0x00000000e6380000,0x00000000e6b53768,0x00000000e6f00000)
  to   space 11776K, 0% used [0x00000000e5800000,0x00000000e5800000,0x00000000e6380000)
 ParOldGen       total 72192K, used 17539K [0x00000000a0000000, 0x00000000a4680000, 0x00000000e0000000)
  object space 72192K, 24% used [0x00000000a0000000,0x00000000a1120f50,0x00000000a4680000)
 Metaspace       used 37897K, capacity 38638K, committed 39000K, reserved 1083392K
  class space    used 5200K, capacity 5395K, committed 5504K, reserved 1048576K
}

